0 info it worked if it ends with ok
1 verbose cli [ '/usr/local/bin/node', '/usr/bin/npm', 'install', 'express' ]
2 info using npm@1.2.21
3 info using node@v0.11.2
4 verbose read json /home/senyilin/nodespace/package.json
5 verbose read json /home/senyilin/nodespace/package.json
6 verbose cache add [ 'express', null ]
7 verbose cache add name=undefined spec="express" args=["express",null]
8 verbose parsed url { protocol: null,
8 verbose parsed url   slashes: null,
8 verbose parsed url   auth: null,
8 verbose parsed url   host: null,
8 verbose parsed url   port: null,
8 verbose parsed url   hostname: null,
8 verbose parsed url   hash: null,
8 verbose parsed url   search: null,
8 verbose parsed url   query: null,
8 verbose parsed url   pathname: 'express',
8 verbose parsed url   path: 'express',
8 verbose parsed url   href: 'express' }
9 silly lockFile f3c62de4-express express
10 verbose lock express /home/senyilin/.npm/f3c62de4-express.lock
11 silly lockFile f3c62de4-express express
12 verbose addNamed [ 'express', '' ]
13 verbose addNamed [ null, '' ]
14 silly lockFile 64a534c1-express express@
15 verbose lock express@ /home/senyilin/.npm/64a534c1-express.lock
16 silly lockFile 64a534c1-express express@
17 error Error: EACCES, open '/home/senyilin/.npm/64a534c1-express.lock'
17 error  { [Error: EACCES, open '/home/senyilin/.npm/64a534c1-express.lock']
17 error   stack: 'Error: EACCES, open \'/home/senyilin/.npm/64a534c1-express.lock\'',
17 error   errno: 3,
17 error   code: 'EACCES',
17 error   path: '/home/senyilin/.npm/64a534c1-express.lock' }
18 error Please try running this command again as root/Administrator.
19 error System Linux 4.2.0-27-generic
20 error command "/usr/local/bin/node" "/usr/bin/npm" "install" "express"
21 error cwd /home/senyilin/nodespace
22 error node -v v0.11.2
23 error npm -v 1.2.21
24 error path /home/senyilin/.npm/64a534c1-express.lock
25 error code EACCES
26 error errno 3
27 error stack Error: EACCES, open '/home/senyilin/.npm/64a534c1-express.lock'
28 verbose exit [ 3, true ]
